19:22:03.560 [main] INFO  testCases.TC001_AccountRegistrationTest - Validating expected message...
19:22:03.602 [main] INFO  testCases.TC001_AccountRegistrationTest - **** Finished TC001_AccountRegistrationTest ****
19:22:06.743 [main] INFO  testCases.TC002_LoginTest - **** Starting TC002_LoginTest ****
19:22:10.011 [main] INFO  testCases.TC002_LoginTest - **** Finished TC002_LoginTest ****
19:22:28.829 [main] INFO  testCases.TC001_AccountRegistrationTest - **** Starting TC001_AccountRegistrationTest ****
19:22:28.896 [main] INFO  testCases.TC001_AccountRegistrationTest - Clicked on MyAccount Link
19:22:29.553 [main] INFO  testCases.TC001_AccountRegistrationTest - Clicked on Register Link
19:22:40.278 [main] INFO  testCases.TC001_AccountRegistrationTest - Validating expected message...
19:22:40.313 [main] INFO  testCases.TC001_AccountRegistrationTest - **** Finished TC001_AccountRegistrationTest ****
19:22:43.391 [main] INFO  testCases.TC002_LoginTest - **** Starting TC002_LoginTest ****
19:22:46.568 [main] INFO  testCases.TC002_LoginTest - **** Finished TC002_LoginTest ****
19:43:06.497 [main] INFO  testCases.TC001_AccountRegistrationTest - **** Starting TC001_AccountRegistrationTest ****
19:43:08.184 [main] INFO  testCases.TC001_AccountRegistrationTest - Clicked on MyAccount Link
19:43:09.144 [main] INFO  testCases.TC001_AccountRegistrationTest - Clicked on Register Link
19:43:19.935 [main] INFO  testCases.TC001_AccountRegistrationTest - Validating expected message...
19:43:19.972 [main] INFO  testCases.TC001_AccountRegistrationTest - **** Finished TC001_AccountRegistrationTest ****
19:43:25.084 [main] INFO  testCases.TC002_LoginTest - **** Starting TC002_LoginTest ****
19:43:27.057 [main] INFO  testCases.TC002_LoginTest - **** Finished TC002_LoginTest ****
20:43:33.718 [main] INFO  org.testng.internal.Utils - [TestNG] Running:
  /Users/erickfloresovando/Documents/Programming/IdeaProjects/OpencartV121/crossbrowsertesting.xml

20:43:44.778 [TestNG-tests-1] INFO  testCases.TC001_AccountRegistrationTest - **** Starting TC001_AccountRegistrationTest ****
20:43:45.227 [TestNG-tests-3] INFO  testCases.TC001_AccountRegistrationTest - **** Starting TC001_AccountRegistrationTest ****
20:43:46.012 [TestNG-tests-2] INFO  testCases.TC001_AccountRegistrationTest - **** Starting TC001_AccountRegistrationTest ****
20:43:46.326 [TestNG-tests-3] INFO  testCases.TC001_AccountRegistrationTest - Clicked on MyAccount Link
20:43:46.414 [TestNG-tests-2] INFO  testCases.TC001_AccountRegistrationTest - Clicked on MyAccount Link
20:43:46.483 [TestNG-tests-1] INFO  testCases.TC001_AccountRegistrationTest - Clicked on MyAccount Link
20:43:47.332 [TestNG-tests-3] INFO  testCases.TC001_AccountRegistrationTest - Clicked on Register Link
20:47:19.033 [main] INFO  org.testng.internal.Utils - [TestNG] Running:
  /Users/erickfloresovando/Documents/Programming/IdeaProjects/OpencartV121/crossbrowsertesting.xml

20:47:28.015 [TestNG-tests-3] INFO  testCases.TC002_LoginTest - **** Starting TC002_LoginTest ****
20:47:28.342 [TestNG-tests-1] INFO  testCases.TC002_LoginTest - **** Starting TC002_LoginTest ****
20:47:50.819 [TestNG-tests-2] INFO  testCases.TC002_LoginTest - **** Starting TC002_LoginTest ****
20:49:36.006 [main] INFO  org.testng.internal.Utils - [TestNG] Running:
  /Users/erickfloresovando/Documents/Programming/IdeaProjects/OpencartV121/crossbrowsertesting.xml

20:49:42.642 [main] INFO  testCases.TC002_LoginTest - **** Starting TC002_LoginTest ****
20:49:44.737 [main] INFO  testCases.TC002_LoginTest - **** Finished TC002_LoginTest ****
20:49:53.103 [main] INFO  testCases.TC002_LoginTest - **** Starting TC002_LoginTest ****
20:49:55.616 [main] INFO  testCases.TC002_LoginTest - **** Finished TC002_LoginTest ****
20:50:04.284 [main] INFO  testCases.TC002_LoginTest - **** Starting TC002_LoginTest ****
20:50:09.065 [main] INFO  testCases.TC002_LoginTest - **** Finished TC002_LoginTest ****
20:50:41.165 [main] INFO  org.testng.internal.Utils - [TestNG] Running:
  /Users/erickfloresovando/Documents/Programming/IdeaProjects/OpencartV121/crossbrowsertesting.xml

20:50:49.223 [TestNG-tests-3] INFO  testCases.TC002_LoginTest - **** Starting TC002_LoginTest ****
20:50:51.213 [TestNG-tests-2] INFO  testCases.TC002_LoginTest - **** Starting TC002_LoginTest ****
20:50:51.554 [TestNG-tests-1] INFO  testCases.TC002_LoginTest - **** Starting TC002_LoginTest ****
21:18:06.080 [main] INFO  org.testng.internal.Utils - [TestNG] Running:
  /Users/erickfloresovando/Documents/Programming/IdeaProjects/OpencartV121/crossbrowsertesting.xml

21:18:14.636 [TestNG-tests-3] INFO  testCases.TC002_LoginTest - **** Starting TC002_LoginTest ****
21:18:14.902 [TestNG-tests-1] INFO  testCases.TC002_LoginTest - **** Starting TC002_LoginTest ****
21:18:16.220 [TestNG-tests-2] INFO  testCases.TC002_LoginTest - **** Starting TC002_LoginTest ****
20:27:05.857 [main] INFO  org.testng.internal.Utils - [TestNG] Running:
  /Users/erickfloresovando/Documents/Programming/IdeaProjects/OpencartV121/crossbrowsertesting.xml

